# JRE version: 7.0_09-b05
# Java VM: Java HotSpot(TM) 64-Bit Server VM (23.5-b02 mixed mode bsd-amd64 compressed oops)
Heap
 PSYoungGen      total 166144K, used 150670K [0x00000007e4b60000, 0x00000007f7ca0000, 0x0000000800000000)
  eden space 54976K, 96% used [0x00000007e4b60000,0x00000007e7f70bb0,0x00000007e8110000)
  from space 111168K, 87% used [0x00000007e8110000,0x00000007ee022fa0,0x00000007eeda0000)
  to   space 124544K, 0% used [0x00000007f0300000,0x00000007f0300000,0x00000007f7ca0000)
 ParOldGen       total 108480K, used 22839K [0x00000007ae200000, 0x00000007b4bf0000, 0x00000007e4b60000)
  object space 108480K, 21% used [0x00000007ae200000,0x00000007af84df08,0x00000007b4bf0000)
 PSPermGen       total 30208K, used 16757K [0x00000007a9000000, 0x00000007aad80000, 0x00000007ae200000)
  object space 30208K, 55% used [0x00000007a9000000,0x00000007aa05d5a0,0x00000007aad80000)
GC Heap History (10 events):
Event: 3.396 GC heap before
{Heap before GC invocations=10 (full 3):
 PSYoungGen      total 93376K, used 87363K [0x00000007e4b60000, 0x00000007efb10000, 0x0000000800000000)
  eden space 44032K, 94% used [0x00000007e4b60000,0x00000007e74112b8,0x00000007e7660000)
  from space 49344K, 92% used [0x00000007eb0d0000,0x00000007edd6fb18,0x00000007ee100000)
  to   space 59840K, 0% used [0x00000007e7660000,0x00000007e7660000,0x00000007eb0d0000)
 ParOldGen       total 108480K, used 12188K [0x00000007ae200000, 0x00000007b4bf0000, 0x00000007e4b60000)
  object space 108480K, 11% used [0x00000007ae200000,0x00000007aede70a8,0x00000007b4bf0000)
 PSPermGen       total 30208K, used 13910K [0x00000007a9000000, 0x00000007aad80000, 0x00000007ae200000)
  object space 30208K, 46% used [0x00000007a9000000,0x00000007a9d95b30,0x00000007aad80000)
Event: 3.424 GC heap after
Heap after GC invocations=10 (full 3):
 PSYoungGen      total 103872K, used 58347K [0x00000007e4b60000, 0x00000007f1a90000, 0x0000000800000000)
  eden space 44032K, 0% used [0x00000007e4b60000,0x00000007e4b60000,0x00000007e7660000)
  from space 59840K, 97% used [0x00000007e7660000,0x00000007eaf5af90,0x00000007eb0d0000)
  to   space 72576K, 0% used [0x00000007ed3b0000,0x00000007ed3b0000,0x00000007f1a90000)
 ParOldGen       total 108480K, used 22839K [0x00000007ae200000, 0x00000007b4bf0000, 0x00000007e4b60000)
  object space 108480K, 21% used [0x00000007ae200000,0x00000007af84df08,0x00000007b4bf0000)
 PSPermGen       total 30208K, used 13910K [0x00000007a9000000, 0x00000007aad80000, 0x00000007ae200000)
  object space 30208K, 46% used [0x00000007a9000000,0x00000007a9d95b30,0x00000007aad80000)
}
Event: 196.377 GC heap before
{Heap before GC invocations=11 (full 3):
 PSYoungGen      total 103872K, used 102194K [0x00000007e4b60000, 0x00000007f1a90000, 0x0000000800000000)
  eden space 44032K, 99% used [0x00000007e4b60000,0x00000007e7631aa8,0x00000007e7660000)
  from space 59840K, 97% used [0x00000007e7660000,0x00000007eaf5af90,0x00000007eb0d0000)
  to   space 72576K, 0% used [0x00000007ed3b0000,0x00000007ed3b0000,0x00000007f1a90000)
 ParOldGen       total 108480K, used 22839K [0x00000007ae200000, 0x00000007b4bf0000, 0x00000007e4b60000)
  object space 108480K, 21% used [0x00000007ae200000,0x00000007af84df08,0x00000007b4bf0000)
 PSPermGen       total 30208K, used 15946K [0x00000007a9000000, 0x00000007aad80000, 0x00000007ae200000)
  object space 30208K, 52% used [0x00000007a9000000,0x00000007a9f92b90,0x00000007aad80000)
Event: 196.395 GC heap after
Heap after GC invocations=11 (full 3):
 PSYoungGen      total 127680K, used 67166K [0x00000007e4b60000, 0x00000007f2ec0000, 0x0000000800000000)
  eden space 55104K, 0% used [0x00000007e4b60000,0x00000007e4b60000,0x00000007e8130000)
  from space 72576K, 92% used [0x00000007ed3b0000,0x00000007f1547a50,0x00000007f1a90000)
  to   space 84480K, 0% used [0x00000007e8130000,0x00000007e8130000,0x00000007ed3b0000)
 ParOldGen       total 108480K, used 22839K [0x00000007ae200000, 0x00000007b4bf0000, 0x00000007e4b60000)
  object space 108480K, 21% used [0x00000007ae200000,0x00000007af84df08,0x00000007b4bf0000)
 PSPermGen       total 30208K, used 15946K [0x00000007a9000000, 0x00000007aad80000, 0x00000007ae200000)
  object space 30208K, 52% used [0x00000007a9000000,0x00000007a9f92b90,0x00000007aad80000)
}
Event: 555.608 GC heap before
{Heap before GC invocations=12 (full 3):
 PSYoungGen      total 127680K, used 121849K [0x00000007e4b60000, 0x00000007f2ec0000, 0x0000000800000000)
  eden space 55104K, 99% used [0x00000007e4b60000,0x00000007e80c69d8,0x00000007e8130000)
  from space 72576K, 92% used [0x00000007ed3b0000,0x00000007f1547a50,0x00000007f1a90000)
  to   space 84480K, 0% used [0x00000007e8130000,0x00000007e8130000,0x00000007ed3b0000)
 ParOldGen       total 108480K, used 22839K [0x00000007ae200000, 0x00000007b4bf0000, 0x00000007e4b60000)
  object space 108480K, 21% used [0x00000007ae200000,0x00000007af84df08,0x00000007b4bf0000)
 PSPermGen       total 30208K, used 16128K [0x00000007a9000000, 0x00000007aad80000, 0x00000007ae200000)
  object space 30208K, 53% used [0x00000007a9000000,0x00000007a9fc0098,0x00000007aad80000)
Event: 555.621 GC heap after
Heap after GC invocations=12 (full 3):
 PSYoungGen      total 139584K, used 81076K [0x00000007e4b60000, 0x00000007f4dc0000, 0x0000000800000000)
  eden space 55104K, 0% used [0x00000007e4b60000,0x00000007e4b60000,0x00000007e8130000)
  from space 84480K, 95% used [0x00000007e8130000,0x00000007ed05d1d0,0x00000007ed3b0000)
  to   space 98432K, 0% used [0x00000007eeda0000,0x00000007eeda0000,0x00000007f4dc0000)
 ParOldGen       total 108480K, used 22839K [0x00000007ae200000, 0x00000007b4bf0000, 0x00000007e4b60000)
  object space 108480K, 21% used [0x00000007ae200000,0x00000007af84df08,0x00000007b4bf0000)
 PSPermGen       total 30208K, used 16128K [0x00000007a9000000, 0x00000007aad80000, 0x00000007ae200000)
  object space 30208K, 53% used [0x00000007a9000000,0x00000007a9fc0098,0x00000007aad80000)
}
Event: 914.848 GC heap before
{Heap before GC invocations=13 (full 3):
 PSYoungGen      total 139584K, used 136180K [0x00000007e4b60000, 0x00000007f4dc0000, 0x0000000800000000)
  eden space 55104K, 100% used [0x00000007e4b60000,0x00000007e8130000,0x00000007e8130000)
  from space 84480K, 95% used [0x00000007e8130000,0x00000007ed05d1d0,0x00000007ed3b0000)
  to   space 98432K, 0% used [0x00000007eeda0000,0x00000007eeda0000,0x00000007f4dc0000)
 ParOldGen       total 108480K, used 22839K [0x00000007ae200000, 0x00000007b4bf0000, 0x00000007e4b60000)
  object space 108480K, 21% used [0x00000007ae200000,0x00000007af84df08,0x00000007b4bf0000)
 PSPermGen       total 30208K, used 16691K [0x00000007a9000000, 0x00000007aad80000, 0x00000007ae200000)
  object space 30208K, 55% used [0x00000007a9000000,0x00000007aa04cfb0,0x00000007aad80000)
Event: 914.870 GC heap after
Heap after GC invocations=13 (full 3):
 PSYoungGen      total 153408K, used 88627K [0x00000007e4b60000, 0x00000007f6490000, 0x0000000800000000)
  eden space 54976K, 0% used [0x00000007e4b60000,0x00000007e4b60000,0x00000007e8110000)
  from space 98432K, 90% used [0x00000007eeda0000,0x00000007f442cea8,0x00000007f4dc0000)
  to   space 111168K, 0% used [0x00000007e8110000,0x00000007e8110000,0x00000007eeda0000)
 ParOldGen       total 108480K, used 22839K [0x00000007ae200000, 0x00000007b4bf0000, 0x00000007e4b60000)
  object space 108480K, 21% used [0x00000007ae200000,0x00000007af84df08,0x00000007b4bf0000)
 PSPermGen       total 30208K, used 16691K [0x00000007a9000000, 0x00000007aad80000, 0x00000007ae200000)
  object space 30208K, 55% used [0x00000007a9000000,0x00000007aa04cfb0,0x00000007aad80000)
}
Event: 2761.817 GC heap before
{Heap before GC invocations=14 (full 3):
 PSYoungGen      total 153408K, used 141890K [0x00000007e4b60000, 0x00000007f6490000, 0x0000000800000000)
  eden space 54976K, 96% used [0x00000007e4b60000,0x00000007e7f63a90,0x00000007e8110000)
  from space 98432K, 90% used [0x00000007eeda0000,0x00000007f442cea8,0x00000007f4dc0000)
  to   space 111168K, 0% used [0x00000007e8110000,0x00000007e8110000,0x00000007eeda0000)
 ParOldGen       total 108480K, used 22839K [0x00000007ae200000, 0x00000007b4bf0000, 0x00000007e4b60000)
  object space 108480K, 21% used [0x00000007ae200000,0x00000007af84df08,0x00000007b4bf0000)
 PSPermGen       total 30208K, used 16741K [0x00000007a9000000, 0x00000007aad80000, 0x00000007ae200000)
  object space 30208K, 55% used [0x00000007a9000000,0x00000007aa059470,0x00000007aad80000)
Event: 2761.835 GC heap after
Heap after GC invocations=14 (full 3):
 PSYoungGen      total 166144K, used 97355K [0x00000007e4b60000, 0x00000007f7ca0000, 0x0000000800000000)
  eden space 54976K, 0% used [0x00000007e4b60000,0x00000007e4b60000,0x00000007e8110000)
  from space 111168K, 87% used [0x00000007e8110000,0x00000007ee022fa0,0x00000007eeda0000)
  to   space 124544K, 0% used [0x00000007f0300000,0x00000007f0300000,0x00000007f7ca0000)
 ParOldGen       total 108480K, used 22839K [0x00000007ae200000, 0x00000007b4bf0000, 0x00000007e4b60000)
  object space 108480K, 21% used [0x00000007ae200000,0x00000007af84df08,0x00000007b4bf0000)
 PSPermGen       total 30208K, used 16741K [0x00000007a9000000, 0x00000007aad80000, 0x00000007ae200000)
  object space 30208K, 55% used [0x00000007a9000000,0x00000007aa059470,0x00000007aad80000)
}

